<?xml version="1.0" encoding="UTF-8"?>
<robot generator="Robot 7.0 (Python 3.12.1 on win32)" generated="2024-11-06T22:06:58.805599" rpa="false" schemaversion="5">
<suite id="s1" name="TestCases" source="E:\Kirill_Milestone1\FunctionalTests\TestCases">
<suite id="s1-s1" name="VerifyCsvContent" source="E:\Kirill_Milestone1\FunctionalTests\TestCases\VerifyCsvContent.robot">
<kw name="Setup browser context and Navigate to the web app" owner="TestConfig" type="SETUP">
<kw name="Project Root Directory" owner="HelperMethods">
<msg time="2024-11-06T22:06:59.216645" level="INFO">${projectRootDirectory} = E:\Kirill_Milestone1</msg>
<var>${projectRootDirectory}</var>
<status status="PASS" start="2024-11-06T22:06:59.215680" elapsed="0.000965"/>
</kw>
<kw name="Catenate" owner="BuiltIn">
<msg time="2024-11-06T22:06:59.217646" level="INFO">${defaultDownloadDirectory} = E:\Kirill_Milestone1\Downloads</msg>
<var>${defaultDownloadDirectory}</var>
<arg>${projectRootDirectory}${DefaultDownloadDirectory}</arg>
<doc>Catenates the given items together and returns the resulted string.</doc>
<status status="PASS" start="2024-11-06T22:06:59.217646" elapsed="0.000000"/>
</kw>
<kw name="Create Dictionary" owner="BuiltIn">
<msg time="2024-11-06T22:06:59.218647" level="INFO">${prefs} = {'download.default_directory': 'E:\\Kirill_Milestone1\\Downloads'}</msg>
<var>${prefs}</var>
<arg>download.default_directory=${defaultDownloadDirectory}</arg>
<doc>Creates and returns a dictionary based on the given ``items``.</doc>
<status status="PASS" start="2024-11-06T22:06:59.218647" elapsed="0.000000"/>
</kw>
<kw name="Evaluate" owner="BuiltIn">
<msg time="2024-11-06T22:06:59.218647" level="INFO">${options} = &lt;selenium.webdriver.chrome.options.Options object at 0x000001EF3855E510&gt;</msg>
<var>${options}</var>
<arg>sys.modules['selenium.webdriver'].ChromeOptions()</arg>
<arg>sys</arg>
<doc>Evaluates the given expression in Python and returns the result.</doc>
<status status="PASS" start="2024-11-06T22:06:59.218647" elapsed="0.000000"/>
</kw>
<kw name="Call Method" owner="BuiltIn">
<arg>${options}</arg>
<arg>add_argument</arg>
<arg>--user-agent\=${UserAgent}</arg>
<doc>Calls the named method of the given object with the provided arguments.</doc>
<status status="PASS" start="2024-11-06T22:06:59.219643" elapsed="0.000000"/>
</kw>
<kw name="Call Method" owner="BuiltIn">
<arg>${options}</arg>
<arg>add_argument</arg>
<arg>--window-size\=1920,1080</arg>
<doc>Calls the named method of the given object with the provided arguments.</doc>
<status status="PASS" start="2024-11-06T22:06:59.219643" elapsed="0.000000"/>
</kw>
<kw name="Call Method" owner="BuiltIn">
<arg>${options}</arg>
<arg>add_argument</arg>
<arg>--headless</arg>
<doc>Calls the named method of the given object with the provided arguments.</doc>
<status status="PASS" start="2024-11-06T22:06:59.219643" elapsed="0.000998"/>
</kw>
<kw name="Call Method" owner="BuiltIn">
<arg>${options}</arg>
<arg>add_experimental_option</arg>
<arg>prefs</arg>
<arg>${prefs}</arg>
<doc>Calls the named method of the given object with the provided arguments.</doc>
<status status="PASS" start="2024-11-06T22:06:59.220641" elapsed="0.000000"/>
</kw>
<kw name="Open Browser" owner="SeleniumLibrary">
<msg time="2024-11-06T22:06:59.220641" level="INFO">Opening browser 'Chrome' to base url 'https://www.kaggle.com/datasets/rohanrao/formula-1-world-championship-1950-2020?resource=download'.</msg>
<arg>${webAppUrl}</arg>
<arg>${browserName}</arg>
<arg>options=${options}</arg>
<doc>Opens a new browser instance to the optional ``url``.</doc>
<status status="PASS" start="2024-11-06T22:06:59.220641" elapsed="4.874581"/>
</kw>
<kw name="Get Location" owner="SeleniumLibrary">
<msg time="2024-11-06T22:07:04.111179" level="INFO">${navigatedAppUrl} = https://www.kaggle.com/datasets/rohanrao/formula-1-world-championship-1950-2020?resource=download</msg>
<var>${navigatedAppUrl}</var>
<doc>Returns the current browser window URL.</doc>
<status status="PASS" start="2024-11-06T22:07:04.095222" elapsed="0.015957"/>
</kw>
<kw name="Should Be Equal As Strings" owner="BuiltIn">
<arg>${navigatedAppUrl}</arg>
<arg>${webAppUrl}</arg>
<doc>Fails if objects are unequal after converting them to strings.</doc>
<status status="PASS" start="2024-11-06T22:07:04.112176" elapsed="0.000000"/>
</kw>
<arg>${AppUrl}</arg>
<arg>${ChromeBrowser}</arg>
<status status="PASS" start="2024-11-06T22:06:59.215680" elapsed="4.896496"/>
</kw>
<test id="s1-s1-t1" name="Download CSV file and verify content from UI" line="21">
<kw name="Click sign in button from header" owner="Header">
<kw name="Wait Until Element Is Enabled" owner="SeleniumLibrary">
<arg>${SignInButton}</arg>
<arg>${Timeout}</arg>
<doc>Waits until the element ``locator`` is enabled.</doc>
<status status="PASS" start="2024-11-06T22:07:04.113173" elapsed="0.081782"/>
</kw>
<kw name="Click Element" owner="SeleniumLibrary">
<msg time="2024-11-06T22:07:04.195952" level="INFO">Clicking element '//button/span[text()='Sign In']'.</msg>
<arg>${SignInButton}</arg>
<doc>Click the element identified by ``locator``.</doc>
<status status="PASS" start="2024-11-06T22:07:04.195952" elapsed="0.095744"/>
</kw>
<status status="PASS" start="2024-11-06T22:07:04.112176" elapsed="0.179520"/>
</kw>
<kw name="Login user with email and password" owner="SignInPage">
<kw name="User enters username and password" owner="SignInPage">
<kw name="Wait Until Element Is Enabled" owner="SeleniumLibrary">
<arg>${SignInWithEmailOptionButton}</arg>
<arg>${Timeout}</arg>
<doc>Waits until the element ``locator`` is enabled.</doc>
<status status="PASS" start="2024-11-06T22:07:04.292694" elapsed="0.354745"/>
</kw>
<kw name="Click Element" owner="SeleniumLibrary">
<msg time="2024-11-06T22:07:04.648429" level="INFO">Clicking element '//button/span[contains(text(),'with Email')]'.</msg>
<arg>${SignInWithEmailOptionButton}</arg>
<doc>Click the element identified by ``locator``.</doc>
<status status="PASS" start="2024-11-06T22:07:04.647439" elapsed="0.118646"/>
</kw>
<kw name="Wait Until Element Is Enabled" owner="SeleniumLibrary">
<arg>${EmailInputField}</arg>
<arg>${Timeout}</arg>
<doc>Waits until the element ``locator`` is enabled.</doc>
<status status="PASS" start="2024-11-06T22:07:04.766085" elapsed="0.029918"/>
</kw>
<kw name="Input Text" owner="SeleniumLibrary">
<msg time="2024-11-06T22:07:04.796003" level="INFO">Typing text 'qatest09011@gmail.com' into text field '//input[@name='email']'.</msg>
<arg>${EmailInputField}</arg>
<arg>${username}</arg>
<doc>Types the given ``text`` into the text field identified by ``locator``.</doc>
<status status="PASS" start="2024-11-06T22:07:04.796003" elapsed="0.196513"/>
</kw>
<kw name="Input Text" owner="SeleniumLibrary">
<msg time="2024-11-06T22:07:04.993486" level="INFO">Typing text 'Sss1234!' into text field '//input[@name='password']'.</msg>
<arg>${PasswordInputField}</arg>
<arg>${password}</arg>
<doc>Types the given ``text`` into the text field identified by ``locator``.</doc>
<status status="PASS" start="2024-11-06T22:07:04.993486" elapsed="0.127689"/>
</kw>
<arg>${username}</arg>
<arg>${password}</arg>
<status status="PASS" start="2024-11-06T22:07:04.292694" elapsed="0.828481"/>
</kw>
<kw name="Click sign in button" owner="SignInPage">
<kw name="Wait Until Element Is Enabled" owner="SeleniumLibrary">
<arg>${SignInButton}</arg>
<arg>${Timeout}</arg>
<doc>Waits until the element ``locator`` is enabled.</doc>
<status status="PASS" start="2024-11-06T22:07:05.121175" elapsed="0.019945"/>
</kw>
<kw name="Click Element" owner="SeleniumLibrary">
<msg time="2024-11-06T22:07:05.142118" level="INFO">Clicking element '//button/span[text()='Sign In']'.</msg>
<arg>${SignInButton}</arg>
<doc>Click the element identified by ``locator``.</doc>
<status status="PASS" start="2024-11-06T22:07:05.142118" elapsed="0.050864"/>
</kw>
<status status="PASS" start="2024-11-06T22:07:05.121175" elapsed="0.071807"/>
</kw>
<arg>${UserEmail}</arg>
<arg>${UserPassword}</arg>
<status status="PASS" start="2024-11-06T22:07:04.291696" elapsed="0.901286"/>
</kw>
<kw name="Select CSV file from data explorer section" owner="DataSetsPage">
<kw name="Sleep" owner="BuiltIn">
<msg time="2024-11-06T22:07:06.194753" level="INFO">Slept 1 second.</msg>
<arg>1</arg>
<doc>Pauses the test executed for the given time.</doc>
<status status="PASS" start="2024-11-06T22:07:05.194007" elapsed="1.000746"/>
</kw>
<kw name="Get WebElements" owner="SeleniumLibrary">
<msg time="2024-11-06T22:07:06.777198" level="INFO">${dataExplorerFiles} = []</msg>
<var>${dataExplorerFiles}</var>
<arg>${DataExplorerFilesList}</arg>
<doc>Returns a list of WebElement objects matching the ``locator``.</doc>
<status status="PASS" start="2024-11-06T22:07:06.194753" elapsed="0.582445"/>
</kw>
<for flavor="IN">
<iter>
<kw name="Get Text" owner="SeleniumLibrary">
<var>${fileName}</var>
<arg>${element}</arg>
<doc>Returns the text value of the element identified by ``locator``.</doc>
<status status="NOT RUN" start="2024-11-06T22:07:06.777198" elapsed="0.000000"/>
</kw>
<if>
<branch type="IF" condition="'${fileName}' == '${fileNameToDownload}'">
<kw name="Click Element" owner="SeleniumLibrary">
<arg>${element}</arg>
<doc>Click the element identified by ``locator``.</doc>
<status status="NOT RUN" start="2024-11-06T22:07:06.778195" elapsed="0.000000"/>
</kw>
<kw name="Sleep" owner="BuiltIn">
<arg>2</arg>
<doc>Pauses the test executed for the given time.</doc>
<status status="NOT RUN" start="2024-11-06T22:07:06.778195" elapsed="0.000000"/>
</kw>
<break>
<status status="NOT RUN" start="2024-11-06T22:07:06.778195" elapsed="0.000000"/>
</break>
<status status="NOT RUN" start="2024-11-06T22:07:06.778195" elapsed="0.000000"/>
</branch>
<status status="NOT RUN" start="2024-11-06T22:07:06.778195" elapsed="0.001004"/>
</if>
<var name="${element}"/>
<status status="NOT RUN" start="2024-11-06T22:07:06.777198" elapsed="0.002001"/>
</iter>
<var>${element}</var>
<value>@{dataExplorerFiles}</value>
<status status="NOT RUN" start="2024-11-06T22:07:06.777198" elapsed="0.002001"/>
</for>
<arg>${DataExplorerCsvFileToDownload}</arg>
<status status="PASS" start="2024-11-06T22:07:05.192982" elapsed="1.586217"/>
</kw>
<kw name="Click the data explorer file download icon" owner="DataSetsPage">
<kw name="Wait Until Element Is Enabled" owner="SeleniumLibrary">
<arg>${DataExplorerFileDownloadIcon}</arg>
<arg>${Timeout}</arg>
<doc>Waits until the element ``locator`` is enabled.</doc>
<status status="PASS" start="2024-11-06T22:07:06.780191" elapsed="1.123598"/>
</kw>
<kw name="Sleep" owner="BuiltIn">
<msg time="2024-11-06T22:07:08.905507" level="INFO">Slept 1 second.</msg>
<arg>1</arg>
<doc>Pauses the test executed for the given time.</doc>
<status status="PASS" start="2024-11-06T22:07:07.904786" elapsed="1.000721"/>
</kw>
<kw name="Scroll Element Into View" owner="SeleniumLibrary">
<arg>${SummaryHeader}</arg>
<doc>Scrolls the element identified by ``locator`` into view.</doc>
<status status="PASS" start="2024-11-06T22:07:08.905507" elapsed="0.508180"/>
</kw>
<kw name="Click Element" owner="SeleniumLibrary">
<msg time="2024-11-06T22:07:09.414684" level="INFO">Clicking element '//div/span[text()='get_app']'.</msg>
<arg>${DataExplorerFileDownloadIcon}</arg>
<doc>Click the element identified by ``locator``.</doc>
<status status="PASS" start="2024-11-06T22:07:09.413687" elapsed="2.303376"/>
</kw>
<kw name="Sleep" owner="BuiltIn">
<msg time="2024-11-06T22:07:14.717849" level="INFO">Slept 3 seconds.</msg>
<arg>3</arg>
<doc>Pauses the test executed for the given time.</doc>
<status status="PASS" start="2024-11-06T22:07:11.717063" elapsed="3.000786"/>
</kw>
<status status="PASS" start="2024-11-06T22:07:06.779199" elapsed="7.938650"/>
</kw>
<kw name="Fetch data for circuit from data explorer table" owner="DataSetsPage">
<kw name="Create List" owner="BuiltIn">
<msg time="2024-11-06T22:07:14.718849" level="INFO">${data} = []</msg>
<var>${data}</var>
<doc>Returns a list containing given items.</doc>
<status status="PASS" start="2024-11-06T22:07:14.718849" elapsed="0.000000"/>
</kw>
<kw name="Set Variable" owner="BuiltIn">
<msg time="2024-11-06T22:07:14.718849" level="INFO">${count} = 0</msg>
<var>${count}</var>
<arg>0</arg>
<doc>Returns the given values which can then be assigned to a variables.</doc>
<status status="PASS" start="2024-11-06T22:07:14.718849" elapsed="0.000000"/>
</kw>
<kw name="Sleep" owner="BuiltIn">
<msg time="2024-11-06T22:07:15.719342" level="INFO">Slept 1 second.</msg>
<arg>1</arg>
<doc>Pauses the test executed for the given time.</doc>
<status status="PASS" start="2024-11-06T22:07:14.718849" elapsed="1.000493"/>
</kw>
<kw name="Get WebElements" owner="SeleniumLibrary">
<msg time="2024-11-06T22:07:15.737295" level="INFO">${circuits} = [&lt;selenium.webdriver.remote.webelement.WebElement (session="bc6a77591576919ad41ad5cb44afdce5", element="f.99FA4D25B8C4627AC3CDEB8385D81B36.d.49B7B29E10168BE013CB661CB7C95BF2.e.70")&gt;, &lt;selenium.webdriv...</msg>
<var>${circuits}</var>
<arg>${CircuitsTableReferenceNameList}</arg>
<doc>Returns a list of WebElement objects matching the ``locator``.</doc>
<status status="PASS" start="2024-11-06T22:07:15.719342" elapsed="0.017953"/>
</kw>
<for flavor="IN">
<iter>
<kw name="Evaluate" owner="BuiltIn">
<msg time="2024-11-06T22:07:15.738292" level="INFO">${count} = 1</msg>
<var>${count}</var>
<arg>${count} + 1</arg>
<doc>Evaluates the given expression in Python and returns the result.</doc>
<status status="PASS" start="2024-11-06T22:07:15.738292" elapsed="0.000000"/>
</kw>
<kw name="Get Text" owner="SeleniumLibrary">
<msg time="2024-11-06T22:07:15.757242" level="INFO">${referenceName} = albert_park</msg>
<var>${referenceName}</var>
<arg>${element}</arg>
<doc>Returns the text value of the element identified by ``locator``.</doc>
<status status="PASS" start="2024-11-06T22:07:15.738292" elapsed="0.018950"/>
</kw>
<if>
<branch type="IF" condition="'${referenceName}' == '${circuitName}'">
<kw name="Get Element Count" owner="SeleniumLibrary">
<var>${totalCloumns}</var>
<arg>xpath=(//div/span[@class='sc-jcHdAB iJqDzd']/div)[${count}]/div</arg>
<doc>Returns the number of elements matching ``locator``.</doc>
<status status="NOT RUN" start="2024-11-06T22:07:15.757242" elapsed="0.000000"/>
</kw>
<for flavor="IN RANGE">
<iter>
<kw name="Get Text" owner="SeleniumLibrary">
<var>${columnValue}</var>
<arg>xpath=((//div/span[@class='sc-jcHdAB iJqDzd']/div)[${count}]/div)[${counter}]</arg>
<doc>Returns the text value of the element identified by ``locator``.</doc>
<status status="NOT RUN" start="2024-11-06T22:07:15.758239" elapsed="0.000000"/>
</kw>
<kw name="Append To List" owner="Collections">
<arg>${data}</arg>
<arg>${columnValue}</arg>
<doc>Adds ``values`` to the end of ``list``.</doc>
<status status="NOT RUN" start="2024-11-06T22:07:15.758239" elapsed="0.000000"/>
</kw>
<var name="${counter}"/>
<status status="NOT RUN" start="2024-11-06T22:07:15.758239" elapsed="0.000000"/>
</iter>
<var>${counter}</var>
<value>1</value>
<value>${totalCloumns} + 1</value>
<status status="NOT RUN" start="2024-11-06T22:07:15.758239" elapsed="0.000000"/>
</for>
<break>
<status status="NOT RUN" start="2024-11-06T22:07:15.758239" elapsed="0.000000"/>
</break>
<status status="NOT RUN" start="2024-11-06T22:07:15.757242" elapsed="0.000997"/>
</branch>
<status status="PASS" start="2024-11-06T22:07:15.757242" elapsed="0.000997"/>
</if>
<var name="${element}">&lt;selenium.webdriver.remote.webelement.WebElement (session="bc6a77591576919ad41ad5cb44afdce5", element="f.99FA4D25B8C4627AC3CDEB8385D81B36.d.49B7B29E10168BE013CB661CB7C95BF2.e.70")&gt;</var>
<status status="PASS" start="2024-11-06T22:07:15.738292" elapsed="0.019947"/>
</iter>
<iter>
<kw name="Evaluate" owner="BuiltIn">
<msg time="2024-11-06T22:07:15.759236" level="INFO">${count} = 2</msg>
<var>${count}</var>
<arg>${count} + 1</arg>
<doc>Evaluates the given expression in Python and returns the result.</doc>
<status status="PASS" start="2024-11-06T22:07:15.758239" elapsed="0.000997"/>
</kw>
<kw name="Get Text" owner="SeleniumLibrary">
<msg time="2024-11-06T22:07:15.768212" level="INFO">${referenceName} = sepang</msg>
<var>${referenceName}</var>
<arg>${element}</arg>
<doc>Returns the text value of the element identified by ``locator``.</doc>
<status status="PASS" start="2024-11-06T22:07:15.759236" elapsed="0.008976"/>
</kw>
<if>
<branch type="IF" condition="'${referenceName}' == '${circuitName}'">
<kw name="Get Element Count" owner="SeleniumLibrary">
<msg time="2024-11-06T22:07:15.781177" level="INFO">${totalCloumns} = 9</msg>
<var>${totalCloumns}</var>
<arg>xpath=(//div/span[@class='sc-jcHdAB iJqDzd']/div)[${count}]/div</arg>
<doc>Returns the number of elements matching ``locator``.</doc>
<status status="PASS" start="2024-11-06T22:07:15.769210" elapsed="0.011967"/>
</kw>
<for flavor="IN RANGE">
<iter>
<kw name="Get Text" owner="SeleniumLibrary">
<msg time="2024-11-06T22:07:15.803119" level="INFO">${columnValue} = 2</msg>
<var>${columnValue}</var>
<arg>xpath=((//div/span[@class='sc-jcHdAB iJqDzd']/div)[${count}]/div)[${counter}]</arg>
<doc>Returns the text value of the element identified by ``locator``.</doc>
<status status="PASS" start="2024-11-06T22:07:15.782175" elapsed="0.020944"/>
</kw>
<kw name="Append To List" owner="Collections">
<arg>${data}</arg>
<arg>${columnValue}</arg>
<doc>Adds ``values`` to the end of ``list``.</doc>
<status status="PASS" start="2024-11-06T22:07:15.803119" elapsed="0.000997"/>
</kw>
<var name="${counter}">1</var>
<status status="PASS" start="2024-11-06T22:07:15.782175" elapsed="0.021941"/>
</iter>
<iter>
<kw name="Get Text" owner="SeleniumLibrary">
<msg time="2024-11-06T22:07:15.824064" level="INFO">${columnValue} = sepang</msg>
<var>${columnValue}</var>
<arg>xpath=((//div/span[@class='sc-jcHdAB iJqDzd']/div)[${count}]/div)[${counter}]</arg>
<doc>Returns the text value of the element identified by ``locator``.</doc>
<status status="PASS" start="2024-11-06T22:07:15.804116" elapsed="0.019948"/>
</kw>
<kw name="Append To List" owner="Collections">
<arg>${data}</arg>
<arg>${columnValue}</arg>
<doc>Adds ``values`` to the end of ``list``.</doc>
<status status="PASS" start="2024-11-06T22:07:15.824064" elapsed="0.000000"/>
</kw>
<var name="${counter}">2</var>
<status status="PASS" start="2024-11-06T22:07:15.804116" elapsed="0.019948"/>
</iter>
<iter>
<kw name="Get Text" owner="SeleniumLibrary">
<msg time="2024-11-06T22:07:15.845012" level="INFO">${columnValue} = Sepang International Circuit</msg>
<var>${columnValue}</var>
<arg>xpath=((//div/span[@class='sc-jcHdAB iJqDzd']/div)[${count}]/div)[${counter}]</arg>
<doc>Returns the text value of the element identified by ``locator``.</doc>
<status status="PASS" start="2024-11-06T22:07:15.825061" elapsed="0.020943"/>
</kw>
<kw name="Append To List" owner="Collections">
<arg>${data}</arg>
<arg>${columnValue}</arg>
<doc>Adds ``values`` to the end of ``list``.</doc>
<status status="PASS" start="2024-11-06T22:07:15.846004" elapsed="0.000000"/>
</kw>
<var name="${counter}">3</var>
<status status="PASS" start="2024-11-06T22:07:15.825061" elapsed="0.020943"/>
</iter>
<iter>
<kw name="Get Text" owner="SeleniumLibrary">
<msg time="2024-11-06T22:07:15.865959" level="INFO">${columnValue} = Kuala Lumpur</msg>
<var>${columnValue}</var>
<arg>xpath=((//div/span[@class='sc-jcHdAB iJqDzd']/div)[${count}]/div)[${counter}]</arg>
<doc>Returns the text value of the element identified by ``locator``.</doc>
<status status="PASS" start="2024-11-06T22:07:15.846004" elapsed="0.019955"/>
</kw>
<kw name="Append To List" owner="Collections">
<arg>${data}</arg>
<arg>${columnValue}</arg>
<doc>Adds ``values`` to the end of ``list``.</doc>
<status status="PASS" start="2024-11-06T22:07:15.865959" elapsed="0.000990"/>
</kw>
<var name="${counter}">4</var>
<status status="PASS" start="2024-11-06T22:07:15.846004" elapsed="0.020945"/>
</iter>
<iter>
<kw name="Get Text" owner="SeleniumLibrary">
<msg time="2024-11-06T22:07:15.884921" level="INFO">${columnValue} = Malaysia</msg>
<var>${columnValue}</var>
<arg>xpath=((//div/span[@class='sc-jcHdAB iJqDzd']/div)[${count}]/div)[${counter}]</arg>
<doc>Returns the text value of the element identified by ``locator``.</doc>
<status status="PASS" start="2024-11-06T22:07:15.866949" elapsed="0.018955"/>
</kw>
<kw name="Append To List" owner="Collections">
<arg>${data}</arg>
<arg>${columnValue}</arg>
<doc>Adds ``values`` to the end of ``list``.</doc>
<status status="PASS" start="2024-11-06T22:07:15.885904" elapsed="0.000000"/>
</kw>
<var name="${counter}">5</var>
<status status="PASS" start="2024-11-06T22:07:15.866949" elapsed="0.018955"/>
</iter>
<iter>
<kw name="Get Text" owner="SeleniumLibrary">
<msg time="2024-11-06T22:07:15.906847" level="INFO">${columnValue} = 2.76083</msg>
<var>${columnValue}</var>
<arg>xpath=((//div/span[@class='sc-jcHdAB iJqDzd']/div)[${count}]/div)[${counter}]</arg>
<doc>Returns the text value of the element identified by ``locator``.</doc>
<status status="PASS" start="2024-11-06T22:07:15.885904" elapsed="0.020943"/>
</kw>
<kw name="Append To List" owner="Collections">
<arg>${data}</arg>
<arg>${columnValue}</arg>
<doc>Adds ``values`` to the end of ``list``.</doc>
<status status="PASS" start="2024-11-06T22:07:15.906847" elapsed="0.000000"/>
</kw>
<var name="${counter}">6</var>
<status status="PASS" start="2024-11-06T22:07:15.885904" elapsed="0.020943"/>
</iter>
<iter>
<kw name="Get Text" owner="SeleniumLibrary">
<msg time="2024-11-06T22:07:15.926794" level="INFO">${columnValue} = 101.738</msg>
<var>${columnValue}</var>
<arg>xpath=((//div/span[@class='sc-jcHdAB iJqDzd']/div)[${count}]/div)[${counter}]</arg>
<doc>Returns the text value of the element identified by ``locator``.</doc>
<status status="PASS" start="2024-11-06T22:07:15.907869" elapsed="0.018925"/>
</kw>
<kw name="Append To List" owner="Collections">
<arg>${data}</arg>
<arg>${columnValue}</arg>
<doc>Adds ``values`` to the end of ``list``.</doc>
<status status="PASS" start="2024-11-06T22:07:15.926794" elapsed="0.000000"/>
</kw>
<var name="${counter}">7</var>
<status status="PASS" start="2024-11-06T22:07:15.907869" elapsed="0.018925"/>
</iter>
<iter>
<kw name="Get Text" owner="SeleniumLibrary">
<msg time="2024-11-06T22:07:15.989626" level="INFO">${columnValue} = 18</msg>
<var>${columnValue}</var>
<arg>xpath=((//div/span[@class='sc-jcHdAB iJqDzd']/div)[${count}]/div)[${counter}]</arg>
<doc>Returns the text value of the element identified by ``locator``.</doc>
<status status="PASS" start="2024-11-06T22:07:15.926794" elapsed="0.062832"/>
</kw>
<kw name="Append To List" owner="Collections">
<arg>${data}</arg>
<arg>${columnValue}</arg>
<doc>Adds ``values`` to the end of ``list``.</doc>
<status status="PASS" start="2024-11-06T22:07:15.989626" elapsed="0.000000"/>
</kw>
<var name="${counter}">8</var>
<status status="PASS" start="2024-11-06T22:07:15.926794" elapsed="0.062832"/>
</iter>
<iter>
<kw name="Get Text" owner="SeleniumLibrary">
<msg time="2024-11-06T22:07:16.011567" level="INFO">${columnValue} = http://en.wikipedia.org/wiki/Sepang_International_Circuit</msg>
<var>${columnValue}</var>
<arg>xpath=((//div/span[@class='sc-jcHdAB iJqDzd']/div)[${count}]/div)[${counter}]</arg>
<doc>Returns the text value of the element identified by ``locator``.</doc>
<status status="PASS" start="2024-11-06T22:07:15.990651" elapsed="0.020916"/>
</kw>
<kw name="Append To List" owner="Collections">
<arg>${data}</arg>
<arg>${columnValue}</arg>
<doc>Adds ``values`` to the end of ``list``.</doc>
<status status="PASS" start="2024-11-06T22:07:16.011567" elapsed="0.000000"/>
</kw>
<var name="${counter}">9</var>
<status status="PASS" start="2024-11-06T22:07:15.989626" elapsed="0.021941"/>
</iter>
<var>${counter}</var>
<value>1</value>
<value>${totalCloumns} + 1</value>
<status status="PASS" start="2024-11-06T22:07:15.781177" elapsed="0.231388"/>
</for>
<break>
<status status="PASS" start="2024-11-06T22:07:16.012565" elapsed="0.000000"/>
</break>
<status status="PASS" start="2024-11-06T22:07:15.768212" elapsed="0.244353"/>
</branch>
<status status="PASS" start="2024-11-06T22:07:15.768212" elapsed="0.244353"/>
</if>
<var name="${element}">&lt;selenium.webdriver.remote.webelement.WebElement (session="bc6a77591576919ad41ad5cb44afdce5", element="f.99FA4D25B8C4627AC3CDEB8385D81B36.d.49B7B29E10168BE013CB661CB7C95BF2.e.71")&gt;</var>
<status status="PASS" start="2024-11-06T22:07:15.758239" elapsed="0.254326"/>
</iter>
<var>${element}</var>
<value>@{circuits}</value>
<status status="PASS" start="2024-11-06T22:07:15.737295" elapsed="0.275270"/>
</for>
<kw name="Log" owner="BuiltIn">
<msg time="2024-11-06T22:07:16.012565" level="INFO">['2', 'sepang', 'Sepang International Circuit', 'Kuala Lumpur', 'Malaysia', '2.76083', '101.738', '18', 'http://en.wikipedia.org/wiki/Sepang_International_Circuit']</msg>
<arg>${data}</arg>
<doc>Logs the given message with the given level.</doc>
<status status="PASS" start="2024-11-06T22:07:16.012565" elapsed="0.000000"/>
</kw>
<return>
<value>${data}</value>
<status status="PASS" start="2024-11-06T22:07:16.012565" elapsed="0.000000"/>
</return>
<msg time="2024-11-06T22:07:16.012565" level="INFO">${dataFetchedFromTable} = ['2', 'sepang', 'Sepang International Circuit', 'Kuala Lumpur', 'Malaysia', '2.76083', '101.738', '18', 'http://en.wikipedia.org/wiki/Sepang_International_Circuit']</msg>
<var>${dataFetchedFromTable}</var>
<arg>${TargetCircuitToFetchFromCsv}</arg>
<status status="PASS" start="2024-11-06T22:07:14.717849" elapsed="1.295713"/>
</kw>
<kw name="Get CSV file path">
<kw name="Project Root Directory" owner="HelperMethods">
<msg time="2024-11-06T22:07:16.013562" level="INFO">${projectRootDirectory} = E:\Kirill_Milestone1</msg>
<var>${projectRootDirectory}</var>
<status status="PASS" start="2024-11-06T22:07:16.013562" elapsed="0.000000"/>
</kw>
<kw name="Catenate" owner="BuiltIn">
<msg time="2024-11-06T22:07:16.014559" level="INFO">${filePath} = E:\Kirill_Milestone1\Downloads\circuits.csv</msg>
<var>${filePath}</var>
<arg>${projectRootDirectory}${DefaultDownloadDirectory}${DataExplorerCsvFilePath}</arg>
<doc>Catenates the given items together and returns the resulted string.</doc>
<status status="PASS" start="2024-11-06T22:07:16.013562" elapsed="0.000997"/>
</kw>
<variable name="${csvFilePath}" scope="SUITE">
<var>${filePath}</var>
<status status="PASS" start="2024-11-06T22:07:16.014559" elapsed="0.000000"/>
</variable>
<status status="PASS" start="2024-11-06T22:07:16.013562" elapsed="0.000997"/>
</kw>
<kw name="Fetch Row From Csv" owner="HelperMethods">
<msg time="2024-11-06T22:07:16.015584" level="INFO">${dataFtechedFromCscFileDownloaded} = ['2', 'sepang', 'Sepang International Circuit', 'Kuala Lumpur', 'Malaysia', '2.76083', '101.738', '18', 'http://en.wikipedia.org/wiki/Sepang_International_Circuit']</msg>
<var>${dataFtechedFromCscFileDownloaded}</var>
<arg>${csvFilePath}</arg>
<arg>${TargetCircuitToFetchFromCsv}</arg>
<status status="PASS" start="2024-11-06T22:07:16.014559" elapsed="0.001025"/>
</kw>
<kw name="Log" owner="BuiltIn">
<msg time="2024-11-06T22:07:16.015584" level="INFO">['2', 'sepang', 'Sepang International Circuit', 'Kuala Lumpur', 'Malaysia', '2.76083', '101.738', '18', 'http://en.wikipedia.org/wiki/Sepang_International_Circuit']</msg>
<arg>${dataFetchedFromTable}</arg>
<doc>Logs the given message with the given level.</doc>
<status status="PASS" start="2024-11-06T22:07:16.015584" elapsed="0.000000"/>
</kw>
<kw name="Log" owner="BuiltIn">
<msg time="2024-11-06T22:07:16.015584" level="INFO">['2', 'sepang', 'Sepang International Circuit', 'Kuala Lumpur', 'Malaysia', '2.76083', '101.738', '18', 'http://en.wikipedia.org/wiki/Sepang_International_Circuit']</msg>
<arg>${dataFtechedFromCscFileDownloaded}</arg>
<doc>Logs the given message with the given level.</doc>
<status status="PASS" start="2024-11-06T22:07:16.015584" elapsed="0.000000"/>
</kw>
<kw name="Should Be Equal" owner="BuiltIn">
<arg>${dataFetchedFromTable}</arg>
<arg>${dataFtechedFromCscFileDownloaded}</arg>
<doc>Fails if the given objects are unequal.</doc>
<status status="PASS" start="2024-11-06T22:07:16.016581" elapsed="0.000000"/>
</kw>
<status status="PASS" start="2024-11-06T22:07:04.112176" elapsed="11.904405"/>
</test>
<status status="PASS" start="2024-11-06T22:06:58.837513" elapsed="17.179068"/>
</suite>
<status status="PASS" start="2024-11-06T22:06:58.807593" elapsed="17.209986"/>
</suite>
<statistics>
<total>
<stat pass="1" fail="0" skip="0">All Tests</stat>
</total>
<tag>
</tag>
<suite>
<stat pass="1" fail="0" skip="0" id="s1" name="TestCases">TestCases</stat>
<stat pass="1" fail="0" skip="0" id="s1-s1" name="VerifyCsvContent">TestCases.VerifyCsvContent</stat>
</suite>
</statistics>
<errors>
</errors>
</robot>
